
ROM used:   1045/8192 (13%)
            1045/8192 (13%) including unused fragments

            0.8 Average locations per line
            7.3 Average locations per statement

RAM used:   27/368 (7%) at main() level
            61/368 (17%) worst case

Stack used: 7 worst case (3 in main + 4 for interrupts)
Stack size: 8

Lines Stmts  %   Files
----- ----- ---  -----
  154    59  41  main.c
  684     0   0  ..\..\..\..\..\..\..\Program Files (x86)\PICC\Devices\16F877A.h
  456    84  59  ..\..\..\..\..\..\..\Program Files (x86)\PICC\Drivers\lcd.c
----- -----
 1294   143 Total

Page ROM  %  RAM    Vol Diff  Functions:
---- --- --- ---    --- ----  ----------
0     21   2    1             @delay_ms1
 Inline         3    596  5.9  lcd_read_byte
 Inline         0     59  4.2  lcd_read_nibble
 Inline         1    179  3.3  lcd_send_nibble
0     93   9    3    460  4.7  lcd_send_byte
0    106  10    6    814  7.2  lcd_init
 Inline         4    208  6.3  lcd_gotoxy
0     76   7    1    354  4.7  lcd_putc
0     46   4    3    345  6.1  rb_isr
0    135  13    1    693  5.8  MAIN
0      9   1    0     72  2.7  @const692
0     86   8    4     72  2.7  @PSTRINGC7_663
0      8   1    0     72  2.7  @const697
0     87   8    5     72  2.7  @PSTRINGCN7_663
0     21   2    3     72  2.7  @DIV88
0     87   8    6     72  2.7  @PRINTF_D_663
0     12   1    0     72  2.7  @const707
0    146  14    2    583  7.0  actualizar_estado
0      9   1    0     72  2.7  @const711
0      8   1    0     72  2.7  @const712
0      8   1    0             @goto58326
0      8   1    0             @const714
 Inline         0     72  2.7  disminuir_velocidad
 Inline         0     72  2.7  aumentar_velocidad
 Inline         0             @cinit1

Program metrics:
    Functions               21
    Statements              143
    Comments                271
    Volume (V)              8921
    Difficulty (D)          88.6
    Effort to implement (E) 790796
    Time to implement (T)   12 hours, 12 minutes
    Est Delivered Bugs (B)  3
    Cyclomatic Complexity   31
    Maintainability (MI)    75

 Segment     Used  Free
-----------  ----  ----
00000-00003     4  0  
00004-0004E    75  0  
0004F-007FF   966  1003  
00800-00FFF     0  2048  
01000-017FF     0  2048  
01800-01FFF     0  2048  



