
ROM used:   492/8192 (6%)
            492/8192 (6%) including unused fragments

            0.4 Average locations per line
            4.4 Average locations per statement

RAM used:   11/368 (3%) at main() level
            23/368 (6%) worst case

Stack used: 5 worst case (5 in main + 0 for interrupts)
Stack size: 8

Lines Stmts  %   Files
----- ----- ---  -----
  110    28  25  main.c
  684     0   0  ..\..\..\..\..\..\..\Program Files (x86)\PICC\Devices\16F877A.h
  456    84  75  ..\..\..\..\..\..\..\Program Files (x86)\PICC\Drivers\lcd.c
----- -----
 1250   112 Total

Page ROM  %  RAM    Vol Diff  Functions:
---- --- --- ---    --- ----  ----------
0     21   4    1             @delay_ms1
 Inline         3    596  5.9  lcd_read_byte
0      6   1    0     59  4.2  lcd_read_nibble
0     12   2    1    179  3.3  lcd_send_nibble
0     64  13    3    460  4.7  lcd_send_byte
0     62  13    6    814  7.2  lcd_init
0     18   4    4    208  6.3  lcd_gotoxy
0     44   9    1    354  4.7  lcd_putc
0     61  12    4    348  4.5  MAIN
0      6   1    0             @const683
0     86  17    4             @PSTRINGC7_663
0      6   1    0             @const691
0     20   4    0             @const693
0     82  17    6    832  6.7  comprobar_tecla
 Inline         0             @cinit1

Program metrics:
    Functions               9
    Statements              112
    Comments                248
    Volume (V)              5902
    Difficulty (D)          45.9
    Effort to implement (E) 270884
    Time to implement (T)   4 hours, 11 minutes
    Est Delivered Bugs (B)  1
    Cyclomatic Complexity   13
    Maintainability (MI)    144

 Segment     Used  Free
-----------  ----  ----
00000-00003     4  0  
00004-007FF   488  1556  
00800-00FFF     0  2048  
01000-017FF     0  2048  
01800-01FFF     0  2048  



