CCS PCM C Compiler, Version 5.076, 56587               12-dic.-25 06:02

               Filename:   C:\Users\meika\Documents\18-C\MicroControladores_PIC\03-PIC\LCD\main.lst

               ROM used:   492 words (6%)
                           Largest free fragment is 2048
               RAM used:   11 (3%) at main() level
                           23 (6%) worst case
               Stack used: 5 locations
               Stack size: 8

*
0000:  MOVLW  01
0001:  MOVWF  0A
0002:  GOTO   1AF
0003:  NOP
.................... #include <16F877A.h> 
.................... //////////// Standard Header file for the PIC16F877A device //////////////// 
.................... /////////////////////////////////////////////////////////////////////////// 
.................... ////        (C) Copyright 1996, 2014 Custom Computer Services          //// 
.................... //// This source code may only be used by licensed users of the CCS C  //// 
.................... //// compiler.  This source code may only be distributed to other      //// 
.................... //// licensed users of the CCS C compiler.  No other use, reproduction //// 
.................... //// or distribution is permitted without written permission.          //// 
.................... //// Derivative programs created using this software in object code    //// 
.................... //// form are not restricted in any way.                               //// 
.................... /////////////////////////////////////////////////////////////////////////// 
.................... #device PIC16F877A 
0004:  BCF    0A.0
0005:  BCF    0A.1
0006:  BCF    0A.2
0007:  ADDWF  02,F
0008:  RETLW  31
0009:  RETLW  32
000A:  RETLW  33
000B:  RETLW  41
000C:  RETLW  34
000D:  RETLW  35
000E:  RETLW  36
000F:  RETLW  42
0010:  RETLW  37
0011:  RETLW  38
0012:  RETLW  39
0013:  RETLW  43
0014:  RETLW  2A
0015:  RETLW  30
0016:  RETLW  23
0017:  RETLW  41
0018:  DATA 0C,26
0019:  DATA C9,29
001A:  DATA D4,27
001B:  DATA 2E,17
001C:  DATA 2E,05
001D:  DATA 00,00
001E:  DATA 0C,26
001F:  DATA C9,29
0020:  DATA D4,27
0021:  DATA 2E,17
0022:  DATA 2E,05
0023:  DATA 00,00
*
0107:  MOVF   0B,W
0108:  MOVWF  25
0109:  BCF    0B.7
010A:  BSF    03.5
010B:  BSF    03.6
010C:  BSF    0C.7
010D:  BSF    0C.0
010E:  NOP
010F:  NOP
0110:  BCF    03.5
0111:  BCF    03.6
0112:  BTFSC  25.7
0113:  BSF    0B.7
0114:  BSF    03.6
0115:  MOVF   0C,W
0116:  ANDLW  7F
0117:  BTFSC  03.2
0118:  GOTO   15B
0119:  BCF    03.6
011A:  MOVWF  25
011B:  BSF    03.6
011C:  MOVF   0D,W
011D:  BCF    03.6
011E:  MOVWF  26
011F:  BSF    03.6
0120:  MOVF   0F,W
0121:  BCF    03.6
0122:  MOVWF  27
0123:  MOVF   25,W
0124:  MOVWF  28
0125:  CALL   0DB
0126:  MOVF   26,W
0127:  BSF    03.6
0128:  MOVWF  0D
0129:  BCF    03.6
012A:  MOVF   27,W
012B:  BSF    03.6
012C:  MOVWF  0F
012D:  BCF    03.6
012E:  MOVF   0B,W
012F:  MOVWF  28
0130:  BCF    0B.7
0131:  BSF    03.5
0132:  BSF    03.6
0133:  BSF    0C.7
0134:  BSF    0C.0
0135:  NOP
0136:  NOP
0137:  BCF    03.5
0138:  BCF    03.6
0139:  BTFSC  28.7
013A:  BSF    0B.7
013B:  BSF    03.6
013C:  RLF    0C,W
013D:  RLF    0E,W
013E:  ANDLW  7F
013F:  BTFSC  03.2
0140:  GOTO   15B
0141:  BCF    03.6
0142:  MOVWF  25
0143:  BSF    03.6
0144:  MOVF   0D,W
0145:  BCF    03.6
0146:  MOVWF  26
0147:  BSF    03.6
0148:  MOVF   0F,W
0149:  BCF    03.6
014A:  MOVWF  27
014B:  MOVF   25,W
014C:  MOVWF  28
014D:  CALL   0DB
014E:  MOVF   26,W
014F:  BSF    03.6
0150:  MOVWF  0D
0151:  BCF    03.6
0152:  MOVF   27,W
0153:  BSF    03.6
0154:  MOVWF  0F
0155:  INCF   0D,F
0156:  BTFSC  03.2
0157:  INCF   0F,F
0158:  BCF    03.6
0159:  GOTO   107
015A:  BSF    03.6
015B:  BCF    03.6
015C:  RETURN
....................  
.................... #list 
....................  
.................... #fuses xt, nowdt 
.................... #use delay(crystal=4MHz) 
*
0024:  MOVLW  2A
0025:  MOVWF  04
0026:  BCF    03.7
0027:  MOVF   00,W
0028:  BTFSC  03.2
0029:  GOTO   038
002A:  MOVLW  01
002B:  MOVWF  78
002C:  CLRF   77
002D:  DECFSZ 77,F
002E:  GOTO   02D
002F:  DECFSZ 78,F
0030:  GOTO   02C
0031:  MOVLW  4A
0032:  MOVWF  77
0033:  DECFSZ 77,F
0034:  GOTO   033
0035:  GOTO   036
0036:  DECFSZ 00,F
0037:  GOTO   02A
0038:  RETURN
....................  
.................... //usaremos el puerto B 
.................... #define LCD_DATA_PORT getenv("SFR:PORTC") 
.................... #include <lcd.c> 
.................... /////////////////////////////////////////////////////////////////////////////// 
.................... ////                             LCD.C                                     //// 
.................... ////                 Driver for common LCD modules                         //// 
.................... ////                                                                       //// 
.................... ////  lcd_init()   Must be called before any other function.               //// 
.................... ////                                                                       //// 
.................... ////  lcd_putc(c)  Will display c on the next position of the LCD.         //// 
.................... ////                 \a  Set cursor position to upper left                 //// 
.................... ////                 \f  Clear display, set cursor to upper left           //// 
.................... ////                 \n  Go to start of second line                        //// 
.................... ////                 \b  Move back one position                            //// 
.................... ////              If LCD_EXTENDED_NEWLINE is defined, the \n character     //// 
.................... ////              will erase all remanining characters on the current      //// 
.................... ////              line, and move the cursor to the beginning of the next   //// 
.................... ////              line.                                                    //// 
.................... ////              If LCD_EXTENDED_NEWLINE is defined, the \r character     //// 
.................... ////              will move the cursor to the start of the current         //// 
.................... ////              line.                                                    //// 
.................... ////                                                                       //// 
.................... ////  lcd_gotoxy(x,y) Set write position on LCD (upper left is 1,1)        //// 
.................... ////                                                                       //// 
.................... ////  lcd_getc(x,y)   Returns character at position x,y on LCD             //// 
.................... ////                                                                       //// 
.................... ////  lcd_cursor_on(int1 on)   Turn the cursor on (on=TRUE) or off         //// 
.................... ////              (on=FALSE).                                              //// 
.................... ////                                                                       //// 
.................... ////  lcd_set_cgram_char(w, *p)   Write a custom character to the CGRAM.   //// 
.................... ////                                                                       //// 
.................... ////                                                                       //// 
.................... ////  CONFIGURATION                                                        //// 
.................... ////  The LCD can be configured in one of two ways: a.) port access or     //// 
.................... ////  b.) pin access.  Port access requires the entire 7 bit interface     //// 
.................... ////  connected to one GPIO port, and the data bits (D4:D7 of the LCD)     //// 
.................... ////  connected to sequential pins on the GPIO.  Pin access                //// 
.................... ////  has no requirements, all 7 bits of the control interface can         //// 
.................... ////  can be connected to any GPIO using several ports.                    //// 
.................... ////                                                                       //// 
.................... ////  To use port access, #define LCD_DATA_PORT to the SFR location of     //// 
.................... ////  of the GPIO port that holds the interface, -AND- edit LCD_PIN_MAP    //// 
.................... ////  of this file to configure the pin order.  If you are using a         //// 
.................... ////  baseline PIC (PCB), then LCD_OUTPUT_MAP and LCD_INPUT_MAP also must  //// 
.................... ////  be defined.                                                          //// 
.................... ////                                                                       //// 
.................... ////  Example of port access:                                              //// 
.................... ////     #define LCD_DATA_PORT getenv("SFR:PORTD")                         //// 
.................... ////                                                                       //// 
.................... ////  To use pin access, the following pins must be defined:               //// 
.................... ////     LCD_ENABLE_PIN                                                    //// 
.................... ////     LCD_RS_PIN                                                        //// 
.................... ////     LCD_RW_PIN                                                        //// 
.................... ////     LCD_DATA4                                                         //// 
.................... ////     LCD_DATA5                                                         //// 
.................... ////     LCD_DATA6                                                         //// 
.................... ////     LCD_DATA7                                                         //// 
.................... ////                                                                       //// 
.................... ////  Example of pin access:                                               //// 
.................... ////     #define LCD_ENABLE_PIN  PIN_E0                                    //// 
.................... ////     #define LCD_RS_PIN      PIN_E1                                    //// 
.................... ////     #define LCD_RW_PIN      PIN_E2                                    //// 
.................... ////     #define LCD_DATA4       PIN_D4                                    //// 
.................... ////     #define LCD_DATA5       PIN_D5                                    //// 
.................... ////     #define LCD_DATA6       PIN_D6                                    //// 
.................... ////     #define LCD_DATA7       PIN_D7                                    //// 
.................... ////                                                                       //// 
.................... /////////////////////////////////////////////////////////////////////////////// 
.................... ////        (C) Copyright 1996,2010 Custom Computer Services           //// 
.................... //// This source code may only be used by licensed users of the CCS C  //// 
.................... //// compiler.  This source code may only be distributed to other      //// 
.................... //// licensed users of the CCS C compiler.  No other use, reproduction //// 
.................... //// or distribution is permitted without written permission.          //// 
.................... //// Derivative programs created using this software in object code    //// 
.................... //// form are not restricted in any way.                               //// 
.................... /////////////////////////////////////////////////////////////////////////// 
....................  
.................... #ifndef __LCD_C__ 
.................... #define __LCD_C__ 
....................  
.................... // define the pinout. 
.................... // only required if port access is being used. 
.................... typedef struct   
.................... {                            // This structure is overlayed 
....................    int1 enable;           // on to an I/O port to gain 
....................    int1 rs;               // access to the LCD pins. 
....................    int1 rw;               // The bits are allocated from 
....................    int1 unused;           // low order up.  ENABLE will 
....................    unsigned int     data : 4;         // be LSB pin of that port. 
....................   #if defined(__PCD__)       // The port used will be LCD_DATA_PORT. 
....................    unsigned int    reserved: 8; 
....................   #endif 
.................... } LCD_PIN_MAP; 
....................  
.................... // this is to improve compatability with previous LCD drivers that accepted 
.................... // a define labeled 'use_portb_lcd' that configured the LCD onto port B. 
.................... #if ((defined(use_portb_lcd)) && (use_portb_lcd==TRUE)) 
....................  #define LCD_DATA_PORT getenv("SFR:PORTB") 
.................... #endif 
....................  
.................... #if defined(__PCB__) 
....................    // these definitions only need to be modified for baseline PICs. 
....................    // all other PICs use LCD_PIN_MAP or individual LCD_xxx pin definitions. 
.................... /*                                    EN, RS,   RW,   UNUSED,  DATA  */ 
....................  const LCD_PIN_MAP LCD_OUTPUT_MAP =  {0,  0,    0,    0,       0}; 
....................  const LCD_PIN_MAP LCD_INPUT_MAP =   {0,  0,    0,    0,       0xF}; 
.................... #endif 
....................  
.................... ////////////////////// END CONFIGURATION /////////////////////////////////// 
....................  
.................... #ifndef LCD_ENABLE_PIN 
....................    #define lcd_output_enable(x) lcdlat.enable=x 
....................    #define lcd_enable_tris()   lcdtris.enable=0 
.................... #else 
....................    #define lcd_output_enable(x) output_bit(LCD_ENABLE_PIN, x) 
....................    #define lcd_enable_tris()  output_drive(LCD_ENABLE_PIN) 
.................... #endif 
....................  
.................... #ifndef LCD_RS_PIN 
....................    #define lcd_output_rs(x) lcdlat.rs=x 
....................    #define lcd_rs_tris()   lcdtris.rs=0 
.................... #else 
....................    #define lcd_output_rs(x) output_bit(LCD_RS_PIN, x) 
....................    #define lcd_rs_tris()  output_drive(LCD_RS_PIN) 
.................... #endif 
....................  
.................... #ifndef LCD_RW_PIN 
....................    #define lcd_output_rw(x) lcdlat.rw=x 
....................    #define lcd_rw_tris()   lcdtris.rw=0 
.................... #else 
....................    #define lcd_output_rw(x) output_bit(LCD_RW_PIN, x) 
....................    #define lcd_rw_tris()  output_drive(LCD_RW_PIN) 
.................... #endif 
....................  
.................... // original version of this library incorrectly labeled LCD_DATA0 as LCD_DATA4, 
.................... // LCD_DATA1 as LCD_DATA5, and so on.  this block of code makes the driver 
.................... // compatible with any code written for the original library 
.................... #if (defined(LCD_DATA0) && defined(LCD_DATA1) && defined(LCD_DATA2) && defined(LCD_DATA3) && !defined(LCD_DATA4) && !defined(LCD_DATA5) && !defined(LCD_DATA6) && !defined(LCD_DATA7)) 
....................    #define  LCD_DATA4    LCD_DATA0 
....................    #define  LCD_DATA5    LCD_DATA1 
....................    #define  LCD_DATA6    LCD_DATA2 
....................    #define  LCD_DATA7    LCD_DATA3 
.................... #endif 
....................  
.................... #ifndef LCD_DATA4 
.................... #ifndef LCD_DATA_PORT 
....................    #if defined(__PCB__) 
....................       #define LCD_DATA_PORT      0x06     //portb 
....................       #define set_tris_lcd(x)   set_tris_b(x) 
....................    #else 
....................      #if defined(PIN_D0) 
....................       #define LCD_DATA_PORT      getenv("SFR:PORTD")     //portd 
....................      #else 
....................       #define LCD_DATA_PORT      getenv("SFR:PORTB")     //portb 
....................      #endif 
....................    #endif    
.................... #endif 
....................  
.................... #if defined(__PCB__) 
....................    LCD_PIN_MAP lcd, lcdlat; 
....................    #byte lcd = LCD_DATA_PORT 
....................    #byte lcdlat = LCD_DATA_PORT 
.................... #elif defined(__PCM__) 
....................    LCD_PIN_MAP lcd, lcdlat, lcdtris; 
....................    #byte lcd = LCD_DATA_PORT 
....................    #byte lcdlat = LCD_DATA_PORT 
....................    #byte lcdtris = LCD_DATA_PORT+0x80 
.................... #elif defined(__PCH__) 
....................    LCD_PIN_MAP lcd, lcdlat, lcdtris; 
....................    #byte lcd = LCD_DATA_PORT 
....................    #byte lcdlat = LCD_DATA_PORT+9 
....................    #byte lcdtris = LCD_DATA_PORT+0x12 
.................... #elif defined(__PCD__) 
....................    LCD_PIN_MAP lcd, lcdlat, lcdtris; 
....................    #word lcd = LCD_DATA_PORT 
....................    #word lcdlat = LCD_DATA_PORT+2 
....................    #word lcdtris = LCD_DATA_PORT-0x02 
.................... #endif 
.................... #endif   //LCD_DATA4 not defined 
....................  
.................... #ifndef LCD_TYPE 
....................    #define LCD_TYPE 2           // 0=5x7, 1=5x10, 2=2 lines 
.................... #endif 
....................  
.................... #ifndef LCD_LINE_TWO 
....................    #define LCD_LINE_TWO 0x40    // LCD RAM address for the second line 
.................... #endif 
....................  
.................... #ifndef LCD_LINE_LENGTH 
....................    #define LCD_LINE_LENGTH 20 
.................... #endif 
....................  
.................... unsigned int8 lcd_read_nibble(void); 
....................  
.................... unsigned int8 lcd_read_byte(void) 
.................... { 
....................    unsigned int8 low,high; 
....................  
....................  #if defined(__PCB__) 
....................    set_tris_lcd(LCD_INPUT_MAP); 
....................  #else 
....................   #if (defined(LCD_DATA4) && defined(LCD_DATA5) && defined(LCD_DATA6) && defined(LCD_DATA7)) 
....................    output_float(LCD_DATA4); 
....................    output_float(LCD_DATA5); 
....................    output_float(LCD_DATA6); 
....................    output_float(LCD_DATA7); 
....................   #else 
....................    lcdtris.data = 0xF; 
*
0051:  MOVLW  0F
0052:  BSF    03.5
0053:  ANDWF  07,W
0054:  IORLW  F0
0055:  MOVWF  07
....................   #endif 
....................  #endif 
....................          
....................    lcd_output_rw(1); 
0056:  BCF    03.5
0057:  BSF    07.2
....................    delay_cycles(1); 
0058:  NOP
....................    lcd_output_enable(1); 
0059:  BSF    07.0
....................    delay_cycles(1); 
005A:  NOP
....................    high = lcd_read_nibble(); 
005B:  CALL   045
005C:  MOVF   78,W
005D:  MOVWF  30
....................        
....................    lcd_output_enable(0); 
005E:  BCF    07.0
....................    delay_cycles(1); 
005F:  NOP
....................    lcd_output_enable(1); 
0060:  BSF    07.0
....................    delay_us(1); 
0061:  NOP
....................    low = lcd_read_nibble(); 
0062:  CALL   045
0063:  MOVF   78,W
0064:  MOVWF  2F
....................        
....................    lcd_output_enable(0); 
0065:  BCF    07.0
....................  
....................  #if defined(__PCB__) 
....................    set_tris_lcd(LCD_OUTPUT_MAP); 
....................  #else 
....................   #if (defined(LCD_DATA4) && defined(LCD_DATA5) && defined(LCD_DATA6) && defined(LCD_DATA7)) 
....................    output_drive(LCD_DATA4); 
....................    output_drive(LCD_DATA5); 
....................    output_drive(LCD_DATA6); 
....................    output_drive(LCD_DATA7); 
....................   #else 
....................    lcdtris.data = 0x0; 
0066:  MOVLW  0F
0067:  BSF    03.5
0068:  ANDWF  07,W
0069:  MOVWF  07
....................   #endif 
....................  #endif 
....................  
....................    return( (high<<4) | low); 
006A:  BCF    03.5
006B:  SWAPF  30,W
006C:  MOVWF  77
006D:  MOVLW  F0
006E:  ANDWF  77,F
006F:  MOVF   77,W
0070:  IORWF  2F,W
0071:  MOVWF  78
.................... } 
....................  
.................... unsigned int8 lcd_read_nibble(void) 
.................... { 
....................   #if (defined(LCD_DATA4) && defined(LCD_DATA5) && defined(LCD_DATA6) && defined(LCD_DATA7)) 
....................    unsigned int8 n = 0x00; 
....................  
....................    /* Read the data port */ 
....................    n |= input(LCD_DATA4); 
....................    n |= input(LCD_DATA5) << 1; 
....................    n |= input(LCD_DATA6) << 2; 
....................    n |= input(LCD_DATA7) << 3; 
....................     
....................    return(n); 
....................   #else 
....................    return(lcd.data); 
*
0045:  MOVF   07,W
0046:  MOVWF  77
0047:  SWAPF  07,W
0048:  ANDLW  0F
0049:  MOVWF  78
....................   #endif 
004A:  RETURN
.................... } 
....................  
.................... void lcd_send_nibble(unsigned int8 n) 
.................... { 
....................   #if (defined(LCD_DATA4) && defined(LCD_DATA5) && defined(LCD_DATA6) && defined(LCD_DATA7)) 
....................    /* Write to the data port */ 
....................    output_bit(LCD_DATA4, bit_test(n, 0)); 
....................    output_bit(LCD_DATA5, bit_test(n, 1)); 
....................    output_bit(LCD_DATA6, bit_test(n, 2)); 
....................    output_bit(LCD_DATA7, bit_test(n, 3)); 
....................   #else       
....................    lcdlat.data = n; 
*
0039:  SWAPF  30,W
003A:  ANDLW  F0
003B:  MOVWF  77
003C:  MOVLW  0F
003D:  ANDWF  07,W
003E:  IORWF  77,W
003F:  MOVWF  07
....................   #endif 
....................        
....................    delay_cycles(1); 
0040:  NOP
....................    lcd_output_enable(1); 
0041:  BSF    07.0
....................    delay_us(2); 
0042:  GOTO   043
....................    lcd_output_enable(0); 
0043:  BCF    07.0
0044:  RETURN
.................... } 
....................  
.................... void lcd_send_byte(unsigned int8 address, unsigned int8 n) 
.................... { 
....................   #if defined(__PCB__) 
....................    set_tris_lcd(LCD_OUTPUT_MAP); 
....................   #else 
....................    lcd_enable_tris(); 
*
004B:  BSF    03.5
004C:  BCF    07.0
....................    lcd_rs_tris(); 
004D:  BCF    07.1
....................    lcd_rw_tris(); 
004E:  BCF    07.2
....................   #endif 
....................  
....................    lcd_output_rs(0); 
004F:  BCF    03.5
0050:  BCF    07.1
....................    while ( bit_test(lcd_read_byte(),7) ) ; 
*
0072:  MOVF   78,W
0073:  MOVWF  2F
0074:  BTFSC  2F.7
0075:  GOTO   051
....................    lcd_output_rs(address); 
0076:  BTFSS  2D.0
0077:  BCF    07.1
0078:  BTFSC  2D.0
0079:  BSF    07.1
....................    delay_cycles(1); 
007A:  NOP
....................    lcd_output_rw(0); 
007B:  BCF    07.2
....................    delay_cycles(1); 
007C:  NOP
....................    lcd_output_enable(0); 
007D:  BCF    07.0
....................    lcd_send_nibble(n >> 4); 
007E:  SWAPF  2E,W
007F:  MOVWF  2F
0080:  MOVLW  0F
0081:  ANDWF  2F,F
0082:  MOVF   2F,W
0083:  MOVWF  30
0084:  CALL   039
....................    lcd_send_nibble(n & 0xf); 
0085:  MOVF   2E,W
0086:  ANDLW  0F
0087:  MOVWF  2F
0088:  MOVWF  30
0089:  CALL   039
008A:  RETURN
.................... } 
....................  
.................... #if defined(LCD_EXTENDED_NEWLINE) 
.................... unsigned int8 g_LcdX, g_LcdY; 
.................... #endif 
....................  
.................... void lcd_init(void)  
.................... { 
....................    unsigned int8 i; 
....................    unsigned int8 LCD_INIT_STRING[4] = {0x20 | (LCD_TYPE << 2), 0xc, 1, 6}; 
008B:  MOVLW  28
008C:  MOVWF  26
008D:  MOVLW  0C
008E:  MOVWF  27
008F:  MOVLW  01
0090:  MOVWF  28
0091:  MOVLW  06
0092:  MOVWF  29
....................                              // These bytes need to be sent to the LCD 
....................                              // to start it up. 
....................     
....................  
....................    lcd_output_enable(0); 
0093:  BCF    07.0
....................    lcd_output_rs(0); 
0094:  BCF    07.1
....................    lcd_output_rw(0); 
0095:  BCF    07.2
....................  
....................  #if defined(__PCB__) 
....................    set_tris_lcd(LCD_OUTPUT_MAP); 
....................  #else 
....................   #if (defined(LCD_DATA4) && defined(LCD_DATA5) && defined(LCD_DATA6) && defined(LCD_DATA7)) 
....................    output_drive(LCD_DATA4); 
....................    output_drive(LCD_DATA5); 
....................    output_drive(LCD_DATA6); 
....................    output_drive(LCD_DATA7); 
....................   #else 
....................    lcdtris.data = 0x0; 
0096:  MOVLW  0F
0097:  BSF    03.5
0098:  ANDWF  07,W
0099:  MOVWF  07
....................   #endif 
....................    lcd_enable_tris(); 
009A:  BCF    07.0
....................    lcd_rs_tris(); 
009B:  BCF    07.1
....................    lcd_rw_tris(); 
009C:  BCF    07.2
....................  #endif 
....................      
....................    delay_ms(15); 
009D:  MOVLW  0F
009E:  BCF    03.5
009F:  MOVWF  2A
00A0:  CALL   024
....................    for(i=1;i<=3;++i) 
00A1:  MOVLW  01
00A2:  MOVWF  25
00A3:  MOVF   25,W
00A4:  SUBLW  03
00A5:  BTFSS  03.0
00A6:  GOTO   0AF
....................    { 
....................        lcd_send_nibble(3); 
00A7:  MOVLW  03
00A8:  MOVWF  30
00A9:  CALL   039
....................        delay_ms(5); 
00AA:  MOVLW  05
00AB:  MOVWF  2A
00AC:  CALL   024
00AD:  INCF   25,F
00AE:  GOTO   0A3
....................    } 
....................     
....................    lcd_send_nibble(2); 
00AF:  MOVLW  02
00B0:  MOVWF  30
00B1:  CALL   039
....................    delay_ms(5); 
00B2:  MOVLW  05
00B3:  MOVWF  2A
00B4:  CALL   024
....................    for(i=0;i<=3;++i) 
00B5:  CLRF   25
00B6:  MOVF   25,W
00B7:  SUBLW  03
00B8:  BTFSS  03.0
00B9:  GOTO   0C6
....................       lcd_send_byte(0,LCD_INIT_STRING[i]); 
00BA:  MOVLW  26
00BB:  ADDWF  25,W
00BC:  MOVWF  04
00BD:  BCF    03.7
00BE:  MOVF   00,W
00BF:  MOVWF  2A
00C0:  CLRF   2D
00C1:  MOVF   2A,W
00C2:  MOVWF  2E
00C3:  CALL   04B
....................  
....................   #if defined(LCD_EXTENDED_NEWLINE) 
00C4:  INCF   25,F
00C5:  GOTO   0B6
00C6:  BCF    0A.3
00C7:  BCF    0A.4
00C8:  GOTO   1BF (RETURN)
....................    g_LcdX = 0; 
....................    g_LcdY = 0; 
....................   #endif 
.................... } 
....................  
.................... void lcd_gotoxy(unsigned int8 x, unsigned int8 y) 
.................... { 
....................    unsigned int8 address; 
....................     
....................    if(y!=1) 
00C9:  DECFSZ 2A,W
00CA:  GOTO   0CC
00CB:  GOTO   0CF
....................       address=LCD_LINE_TWO; 
00CC:  MOVLW  40
00CD:  MOVWF  2B
00CE:  GOTO   0D0
....................    else 
....................       address=0; 
00CF:  CLRF   2B
....................       
....................    address+=x-1; 
00D0:  MOVLW  01
00D1:  SUBWF  29,W
00D2:  ADDWF  2B,F
....................    lcd_send_byte(0,0x80|address); 
00D3:  MOVF   2B,W
00D4:  IORLW  80
00D5:  MOVWF  2C
00D6:  CLRF   2D
00D7:  MOVF   2C,W
00D8:  MOVWF  2E
00D9:  CALL   04B
....................  
....................   #if defined(LCD_EXTENDED_NEWLINE) 
00DA:  RETURN
....................    g_LcdX = x - 1; 
....................    g_LcdY = y - 1; 
....................   #endif 
.................... } 
....................  
.................... void lcd_putc(char c) 
.................... { 
....................    switch (c) 
00DB:  MOVF   28,W
00DC:  XORLW  07
00DD:  BTFSC  03.2
00DE:  GOTO   0E9
00DF:  XORLW  0B
00E0:  BTFSC  03.2
00E1:  GOTO   0EE
00E2:  XORLW  06
00E3:  BTFSC  03.2
00E4:  GOTO   0F6
00E5:  XORLW  02
00E6:  BTFSC  03.2
00E7:  GOTO   0FC
00E8:  GOTO   101
....................    { 
....................       case '\a'   :  lcd_gotoxy(1,1);     break; 
00E9:  MOVLW  01
00EA:  MOVWF  29
00EB:  MOVWF  2A
00EC:  CALL   0C9
00ED:  GOTO   106
....................  
....................       case '\f'   :  lcd_send_byte(0,1); 
00EE:  CLRF   2D
00EF:  MOVLW  01
00F0:  MOVWF  2E
00F1:  CALL   04B
....................                      delay_ms(2); 
00F2:  MOVLW  02
00F3:  MOVWF  2A
00F4:  CALL   024
....................                     #if defined(LCD_EXTENDED_NEWLINE) 
....................                      g_LcdX = 0; 
....................                      g_LcdY = 0; 
....................                     #endif 
....................                      break; 
00F5:  GOTO   106
....................  
....................      #if defined(LCD_EXTENDED_NEWLINE) 
....................       case '\r'   :  lcd_gotoxy(1, g_LcdY+1);   break; 
....................       case '\n'   : 
....................          while (g_LcdX++ < LCD_LINE_LENGTH) 
....................          { 
....................             lcd_send_byte(1, ' '); 
....................          } 
....................          lcd_gotoxy(1, g_LcdY+2); 
....................          break; 
....................      #else 
....................       case '\n'   : lcd_gotoxy(1,2);        break; 
00F6:  MOVLW  01
00F7:  MOVWF  29
00F8:  MOVLW  02
00F9:  MOVWF  2A
00FA:  CALL   0C9
00FB:  GOTO   106
....................      #endif 
....................       
....................       case '\b'   : lcd_send_byte(0,0x10);  break; 
00FC:  CLRF   2D
00FD:  MOVLW  10
00FE:  MOVWF  2E
00FF:  CALL   04B
0100:  GOTO   106
....................       
....................      #if defined(LCD_EXTENDED_NEWLINE) 
....................       default     :  
....................          if (g_LcdX < LCD_LINE_LENGTH) 
....................          { 
....................             lcd_send_byte(1, c); 
....................             g_LcdX++; 
....................          } 
....................          break; 
....................      #else 
....................       default     : lcd_send_byte(1,c);     break; 
0101:  MOVLW  01
0102:  MOVWF  2D
0103:  MOVF   28,W
0104:  MOVWF  2E
0105:  CALL   04B
....................      #endif 
....................    } 
0106:  RETURN
.................... } 
....................   
.................... char lcd_getc(unsigned int8 x, unsigned int8 y) 
.................... { 
....................    char value; 
....................  
....................    lcd_gotoxy(x,y); 
....................    while ( bit_test(lcd_read_byte(),7) ); // wait until busy flag is low 
....................    lcd_output_rs(1); 
....................    value = lcd_read_byte(); 
....................    lcd_output_rs(0); 
....................     
....................    return(value); 
.................... } 
....................  
.................... // write a custom character to the ram 
.................... // which is 0-7 and specifies which character array we are modifying. 
.................... // ptr points to an array of 8 bytes, where each byte is the next row of 
.................... //    pixels.  only bits 0-4 are used.  the last row is the cursor row, and 
.................... //    usually you will want to leave this byte 0x00. 
.................... void lcd_set_cgram_char(unsigned int8 which, unsigned int8 *ptr) 
.................... { 
....................    unsigned int i; 
....................  
....................    which <<= 3; 
....................    which &= 0x38; 
....................  
....................    lcd_send_byte(0, 0x40 | which);  //set cgram address 
....................  
....................    for(i=0; i<8; i++) 
....................    { 
....................       lcd_send_byte(1, *ptr++); 
....................    } 
....................    
....................    #if defined(LCD_EXTENDED_NEWLINE) 
....................     lcd_gotoxy(g_LcdX+1, g_LcdY+1);  //set ddram address 
....................    #endif 
.................... } 
....................  
.................... void lcd_cursor_on(int1 on) 
.................... { 
....................    if (on) 
....................    { 
....................       lcd_send_byte(0,0x0F);           //turn LCD cursor ON 
....................    } 
....................    else 
....................    { 
....................       lcd_send_byte(0,0x0C);           //turn LCD cursor OFF 
....................    } 
.................... } 
....................  
.................... #endif 
....................  
....................  
.................... //para el teclado usaremos el puerto B 
.................... #byte TRISB=0x86 
.................... #byte PORTB=0x06 
....................  
.................... char comprobar_tecla(int,int); 
....................  
.................... void main() 
*
01AF:  MOVF   03,W
01B0:  ANDLW  1F
01B1:  MOVWF  03
01B2:  CLRF   21
01B3:  CLRF   20
01B4:  BSF    03.5
01B5:  BSF    1F.0
01B6:  BSF    1F.1
01B7:  BSF    1F.2
01B8:  BCF    1F.3
01B9:  MOVLW  07
01BA:  MOVWF  1C
01BB:  BCF    03.7
.................... { 
....................       //configuración GPIO 
....................       //usamos las resistencias internas del puerto B 
....................       port_b_pullups(true); 
01BC:  BCF    01.7
....................       //configurar LCD 
....................       lcd_init(); 
01BD:  BCF    03.5
01BE:  GOTO   08B
....................       lcd_putc("\fLISTO...\n"); //limpio e imprimo listo en el LCD 
01BF:  MOVLW  18
01C0:  BSF    03.6
01C1:  MOVWF  0D
01C2:  MOVLW  00
01C3:  MOVWF  0F
01C4:  BCF    03.6
01C5:  CALL   107
....................       //variables localesint  
....................       int filas=4, columnas =4; 
....................       char k=0; //le vamos a meter a esta variable lo que nos devuelva la función 
01C6:  MOVLW  04
01C7:  MOVWF  22
01C8:  MOVWF  23
01C9:  CLRF   24
....................  
....................    while(TRUE) 
....................    { 
....................       k=comprobar_tecla(filas,columnas); 
01CA:  MOVF   22,W
01CB:  MOVWF  25
01CC:  MOVF   23,W
01CD:  MOVWF  26
01CE:  GOTO   15D
01CF:  MOVF   78,W
01D0:  MOVWF  24
....................  
....................       //mostramos la tecla pulsada en el LCD 
....................       if(k!=0){ 
01D1:  MOVF   24,F
01D2:  BTFSC  03.2
01D3:  GOTO   1EA
....................          if(k=='D'){//limpiamos pantalla 
01D4:  MOVF   24,W
01D5:  SUBLW  44
01D6:  BTFSS  03.2
01D7:  GOTO   1E0
....................          lcd_putc("\fLISTO...\n");  
01D8:  MOVLW  1E
01D9:  BSF    03.6
01DA:  MOVWF  0D
01DB:  MOVLW  00
01DC:  MOVWF  0F
01DD:  BCF    03.6
01DE:  CALL   107
....................          } 
01DF:  GOTO   1E3
....................          else{ 
....................          lcd_putc(k); 
01E0:  MOVF   24,W
01E1:  MOVWF  28
01E2:  CALL   0DB
....................          } 
....................          //solución problema botón apretado y milisegundos 
....................          delay_ms(300); //asegurarnos de que hemos dejado de pulsar la tecla 
01E3:  MOVLW  02
01E4:  MOVWF  25
01E5:  MOVLW  96
01E6:  MOVWF  2A
01E7:  CALL   024
01E8:  DECFSZ 25,F
01E9:  GOTO   1E5
....................           
....................        
....................       } 
01EA:  GOTO   1CA
....................        
....................    } 
....................  
.................... } 
....................  
01EB:  SLEEP
.................... char comprobar_tecla(int fila, int columna){ 
*
015D:  CLRF   27
....................    char const KEYS[4][4]={{'1', '2', '3', 'A'}, 
....................                           {'4', '5', '6', 'B'}, 
....................                           {'7', '8', '9', 'C'}, 
....................                           {'*', '0', '#', 'A'} 
....................                            }; 
....................                             
....................    char tecla=0;  
....................     
....................    TRISB=0x0F; //00001111; los menos significativos entradas, las filas 
015E:  MOVLW  0F
015F:  BSF    03.5
0160:  MOVWF  06
....................                //los 4 bits más significativos las salidas, las columnas 
....................    //Para seguir el método, tenemos que tener a 0 una de las salidas 
....................    PORTB=0xFF; //las ponemos todas las salidas a 1 de momento; 
0161:  MOVLW  FF
0162:  BCF    03.5
0163:  MOVWF  06
....................    //rotemos el 0 por las 4 salidas 
....................    for(int i=0; i<columna; i++){ //elegimos la columna 
0164:  CLRF   28
0165:  MOVF   26,W
0166:  SUBWF  28,W
0167:  BTFSC  03.0
0168:  GOTO   1AA
....................       bit_clear(PORTB,i+fila);   //la ponemos a 0 
0169:  MOVF   25,W
016A:  ADDWF  28,W
016B:  MOVWF  2A
016C:  MOVLW  01
016D:  MOVWF  77
016E:  MOVF   2A,W
016F:  MOVWF  78
0170:  BTFSC  03.2
0171:  GOTO   176
0172:  BCF    03.0
0173:  RLF    77,F
0174:  DECFSZ 78,F
0175:  GOTO   172
0176:  MOVF   77,W
0177:  XORLW  FF
0178:  ANDWF  06,F
....................      //comprobamos que fila esta a 0 (botón presionado) 
....................       for(int j=0; j<fila;j++){ //con la columna elegida miramos la fila 
0179:  CLRF   29
017A:  MOVF   25,W
017B:  SUBWF  29,W
017C:  BTFSC  03.0
017D:  GOTO   199
....................          if(bit_test(PORTB, j)==0){ 
017E:  MOVF   06,W
017F:  MOVWF  77
0180:  MOVF   29,W
0181:  MOVWF  78
0182:  BTFSC  03.2
0183:  GOTO   188
0184:  BCF    03.0
0185:  RRF    77,F
0186:  DECFSZ 78,F
0187:  GOTO   184
0188:  BTFSC  77.0
0189:  GOTO   197
....................             //le asigno el valor de la matriz 
....................             tecla=KEYS[i][j]; //primero las filas y luego las columnas 
018A:  RLF    28,W
018B:  MOVWF  77
018C:  RLF    77,F
018D:  MOVLW  FC
018E:  ANDWF  77,F
018F:  MOVF   77,W
0190:  ADDWF  29,W
0191:  CALL   004
0192:  MOVWF  78
0193:  MOVWF  27
....................             delay_ms(20); //eliminamos rebote 
0194:  MOVLW  14
0195:  MOVWF  2A
0196:  CALL   024
....................          } 
0197:  INCF   29,F
0198:  GOTO   17A
....................       } 
....................    bit_set(PORTB, i+fila); //lo ponemos a 1 
0199:  MOVF   25,W
019A:  ADDWF  28,W
019B:  MOVWF  2A
019C:  MOVLW  01
019D:  MOVWF  77
019E:  MOVF   2A,W
019F:  MOVWF  78
01A0:  BTFSC  03.2
01A1:  GOTO   1A6
01A2:  BCF    03.0
01A3:  RLF    77,F
01A4:  DECFSZ 78,F
01A5:  GOTO   1A2
01A6:  MOVF   77,W
01A7:  IORWF  06,F
01A8:  INCF   28,F
01A9:  GOTO   165
....................     
....................    } 
....................     
....................     
....................     
....................     
....................     
....................    return tecla; 
01AA:  MOVF   27,W
01AB:  MOVWF  78
01AC:  BCF    0A.3
01AD:  BCF    0A.4
01AE:  GOTO   1CF (RETURN)
.................... } 
....................  
....................  
....................  
....................  
....................  
....................  
....................  
....................  
....................  
....................  
....................  
....................  
....................  
....................  
....................  
....................  
....................  
....................  
....................  
....................  
....................  
....................  
....................  
....................  
....................  
....................  
....................  

Configuration Fuses:
   Word  1: 3F71   XT NOWDT PUT BROWNOUT NOLVP NOCPD NOWRT NODEBUG NOPROTECT
